/u/s/i/sinclair/courses/cs552/spring2020/handouts/testprograms/public/rand_final/ldld_rand_large.asm SUCCESS CPI:4.5 CYCLES:4654 ICOUNT:1035 IHITRATE: 99.8 DHITRATE: 96.8
/u/s/i/sinclair/courses/cs552/spring2020/handouts/testprograms/public/rand_final/ldld_rand_small.asm SUCCESS CPI:4.5 CYCLES:4654 ICOUNT:1035 IHITRATE: 99.8 DHITRATE: 96.8
/u/s/i/sinclair/courses/cs552/spring2020/handouts/testprograms/public/rand_final/ldst_rand_large.asm SUCCESS CPI:14.3 CYCLES:43 ICOUNT:3 IHITRATE: 83.3 DHITRATE: 0.0
/u/s/i/sinclair/courses/cs552/spring2020/handouts/testprograms/public/rand_final/ldst_rand_small.asm SUCCESS CPI:14.3 CYCLES:43 ICOUNT:3 IHITRATE: 83.3 DHITRATE: 0.0
/u/s/i/sinclair/courses/cs552/spring2020/handouts/testprograms/public/rand_final/t_100_all.asm SUCCESS CPI:5.4 CYCLES:1806 ICOUNT:334 IHITRATE: 71.3 DHITRATE: 70.4
/u/s/i/sinclair/courses/cs552/spring2020/handouts/testprograms/public/rand_final/t_100_ctrl.asm SUCCESS CPI:5.4 CYCLES:2527 ICOUNT:466 IHITRATE: 70.9 DHITRATE: 71.8
/u/s/i/sinclair/courses/cs552/spring2020/handouts/testprograms/public/rand_final/t_100_icache.asm SUCCESS CPI:31.2 CYCLES:375 ICOUNT:12 IHITRATE: 48.5 DHITRATE: 0
/u/s/i/sinclair/courses/cs552/spring2020/handouts/testprograms/public/rand_final/t_100_idcache.asm SUCCESS CPI:8.8 CYCLES:689 ICOUNT:78 IHITRATE: 67.5 DHITRATE: 34.8
/u/s/i/sinclair/courses/cs552/spring2020/handouts/testprograms/public/rand_final/t_100_mem.asm SUCCESS CPI:6.3 CYCLES:4275 ICOUNT:675 IHITRATE: 79.3 DHITRATE: 90.4
/u/s/i/sinclair/courses/cs552/spring2020/handouts/testprograms/public/rand_final/t_101_all.asm SUCCESS CPI:5.2 CYCLES:2349 ICOUNT:449 IHITRATE: 71.9 DHITRATE: 71.4
/u/s/i/sinclair/courses/cs552/spring2020/handouts/testprograms/public/rand_final/t_101_ctrl.asm SUCCESS CPI:5.1 CYCLES:2767 ICOUNT:544 IHITRATE: 72.9 DHITRATE: 73.7
/u/s/i/sinclair/courses/cs552/spring2020/handouts/testprograms/public/rand_final/t_101_icache.asm SUCCESS CPI:7.4 CYCLES:435 ICOUNT:59 IHITRATE: 64.6 DHITRATE: 0
/u/s/i/sinclair/courses/cs552/spring2020/handouts/testprograms/public/rand_final/t_101_idcache.asm SUCCESS CPI:9.3 CYCLES:669 ICOUNT:72 IHITRATE: 70.7 DHITRATE: 35.0
/u/s/i/sinclair/courses/cs552/spring2020/handouts/testprograms/public/rand_final/t_101_mem.asm SUCCESS CPI:6.2 CYCLES:4199 ICOUNT:677 IHITRATE: 78.6 DHITRATE: 90.8
/u/s/i/sinclair/courses/cs552/spring2020/handouts/testprograms/public/rand_final/t_102_all.asm SUCCESS CPI:5.4 CYCLES:1964 ICOUNT:365 IHITRATE: 72.6 DHITRATE: 61.3
/u/s/i/sinclair/courses/cs552/spring2020/handouts/testprograms/public/rand_final/t_102_ctrl.asm SUCCESS CPI:5.5 CYCLES:2509 ICOUNT:457 IHITRATE: 71.0 DHITRATE: 61.8
/u/s/i/sinclair/courses/cs552/spring2020/handouts/testprograms/public/rand_final/t_102_icache.asm SUCCESS CPI:43.6 CYCLES:524 ICOUNT:12 IHITRATE: 50.0 DHITRATE: 0
/u/s/i/sinclair/courses/cs552/spring2020/handouts/testprograms/public/rand_final/t_102_idcache.asm SUCCESS CPI:10.6 CYCLES:658 ICOUNT:62 IHITRATE: 65.3 DHITRATE: 35.3
/u/s/i/sinclair/courses/cs552/spring2020/handouts/testprograms/public/rand_final/t_102_mem.asm SUCCESS CPI:5.8 CYCLES:3994 ICOUNT:684 IHITRATE: 77.8 DHITRATE: 94.8
/u/s/i/sinclair/courses/cs552/spring2020/handouts/testprograms/public/rand_final/t_103_all.asm SUCCESS CPI:5.0 CYCLES:2261 ICOUNT:453 IHITRATE: 71.9 DHITRATE: 57.7
/u/s/i/sinclair/courses/cs552/spring2020/handouts/testprograms/public/rand_final/t_103_ctrl.asm SUCCESS CPI:5.2 CYCLES:2919 ICOUNT:561 IHITRATE: 73.0 DHITRATE: 68.9
/u/s/i/sinclair/courses/cs552/spring2020/handouts/testprograms/public/rand_final/t_103_icache.asm SUCCESS CPI:33.9 CYCLES:441 ICOUNT:13 IHITRATE: 49.4 DHITRATE: 0
/u/s/i/sinclair/courses/cs552/spring2020/handouts/testprograms/public/rand_final/t_103_idcache.asm SUCCESS CPI:6.1 CYCLES:852 ICOUNT:139 IHITRATE: 72.7 DHITRATE: 35.7
/u/s/i/sinclair/courses/cs552/spring2020/handouts/testprograms/public/rand_final/t_103_mem.asm SUCCESS CPI:6.1 CYCLES:4113 ICOUNT:674 IHITRATE: 78.2 DHITRATE: 94.5
/u/s/i/sinclair/courses/cs552/spring2020/handouts/testprograms/public/rand_final/t_104_all.asm SUCCESS CPI:5.1 CYCLES:2336 ICOUNT:456 IHITRATE: 72.7 DHITRATE: 63.0
/u/s/i/sinclair/courses/cs552/spring2020/handouts/testprograms/public/rand_final/t_104_ctrl.asm SUCCESS CPI:5.1 CYCLES:2842 ICOUNT:558 IHITRATE: 72.4 DHITRATE: 64.6
/u/s/i/sinclair/courses/cs552/spring2020/handouts/testprograms/public/rand_final/t_104_icache.asm SUCCESS CPI:8.9 CYCLES:427 ICOUNT:48 IHITRATE: 63.0 DHITRATE: 0
/u/s/i/sinclair/courses/cs552/spring2020/handouts/testprograms/public/rand_final/t_104_idcache.asm SUCCESS CPI:7.9 CYCLES:651 ICOUNT:82 IHITRATE: 66.2 DHITRATE: 20.0
/u/s/i/sinclair/courses/cs552/spring2020/handouts/testprograms/public/rand_final/t_104_mem.asm SUCCESS CPI:6.0 CYCLES:4084 ICOUNT:676 IHITRATE: 78.1 DHITRATE: 95.7
/u/s/i/sinclair/courses/cs552/spring2020/handouts/testprograms/public/rand_final/t_105_all.asm SUCCESS CPI:5.2 CYCLES:2354 ICOUNT:453 IHITRATE: 73.0 DHITRATE: 60.7
/u/s/i/sinclair/courses/cs552/spring2020/handouts/testprograms/public/rand_final/t_105_ctrl.asm SUCCESS CPI:5.1 CYCLES:2712 ICOUNT:527 IHITRATE: 71.5 DHITRATE: 70.5
/u/s/i/sinclair/courses/cs552/spring2020/handouts/testprograms/public/rand_final/t_105_icache.asm SUCCESS CPI:11.9 CYCLES:486 ICOUNT:41 IHITRATE: 57.7 DHITRATE: 0
/u/s/i/sinclair/courses/cs552/spring2020/handouts/testprograms/public/rand_final/t_105_idcache.asm SUCCESS CPI:9.5 CYCLES:741 ICOUNT:78 IHITRATE: 62.3 DHITRATE: 8.3
/u/s/i/sinclair/courses/cs552/spring2020/handouts/testprograms/public/rand_final/t_105_mem.asm SUCCESS CPI:6.0 CYCLES:4084 ICOUNT:681 IHITRATE: 78.0 DHITRATE: 94.6
/u/s/i/sinclair/courses/cs552/spring2020/handouts/testprograms/public/rand_final/t_106_all.asm SUCCESS CPI:5.2 CYCLES:2435 ICOUNT:472 IHITRATE: 71.3 DHITRATE: 70.7
/u/s/i/sinclair/courses/cs552/spring2020/handouts/testprograms/public/rand_final/t_106_ctrl.asm SUCCESS CPI:5.4 CYCLES:2777 ICOUNT:517 IHITRATE: 71.4 DHITRATE: 72.7
/u/s/i/sinclair/courses/cs552/spring2020/handouts/testprograms/public/rand_final/t_106_icache.asm SUCCESS CPI:36.8 CYCLES:442 ICOUNT:12 IHITRATE: 51.9 DHITRATE: 0
/u/s/i/sinclair/courses/cs552/spring2020/handouts/testprograms/public/rand_final/t_106_idcache.asm SUCCESS CPI:6.9 CYCLES:847 ICOUNT:123 IHITRATE: 67.5 DHITRATE: 28.6
/u/s/i/sinclair/courses/cs552/spring2020/handouts/testprograms/public/rand_final/t_106_mem.asm SUCCESS CPI:6.1 CYCLES:4148 ICOUNT:676 IHITRATE: 78.3 DHITRATE: 93.2
/u/s/i/sinclair/courses/cs552/spring2020/handouts/testprograms/public/rand_final/t_107_all.asm SUCCESS CPI:5.1 CYCLES:2195 ICOUNT:428 IHITRATE: 72.4 DHITRATE: 65.6
/u/s/i/sinclair/courses/cs552/spring2020/handouts/testprograms/public/rand_final/t_107_ctrl.asm SUCCESS CPI:5.1 CYCLES:2869 ICOUNT:565 IHITRATE: 72.6 DHITRATE: 78.4
/u/s/i/sinclair/courses/cs552/spring2020/handouts/testprograms/public/rand_final/t_107_icache.asm SUCCESS CPI:12.2 CYCLES:465 ICOUNT:38 IHITRATE: 61.2 DHITRATE: 0
/u/s/i/sinclair/courses/cs552/spring2020/handouts/testprograms/public/rand_final/t_107_idcache.asm SUCCESS CPI:6.8 CYCLES:606 ICOUNT:89 IHITRATE: 65.4 DHITRATE: 20.0
/u/s/i/sinclair/courses/cs552/spring2020/handouts/testprograms/public/rand_final/t_107_mem.asm SUCCESS CPI:6.1 CYCLES:4067 ICOUNT:672 IHITRATE: 78.0 DHITRATE: 93.7
/u/s/i/sinclair/courses/cs552/spring2020/handouts/testprograms/public/rand_final/t_108_all.asm SUCCESS CPI:4.9 CYCLES:2294 ICOUNT:464 IHITRATE: 73.0 DHITRATE: 64.9
/u/s/i/sinclair/courses/cs552/spring2020/handouts/testprograms/public/rand_final/t_108_ctrl.asm SUCCESS CPI:5.1 CYCLES:2679 ICOUNT:524 IHITRATE: 71.7 DHITRATE: 72.1
/u/s/i/sinclair/courses/cs552/spring2020/handouts/testprograms/public/rand_final/t_108_icache.asm SUCCESS CPI:8.9 CYCLES:381 ICOUNT:43 IHITRATE: 63.9 DHITRATE: 0
/u/s/i/sinclair/courses/cs552/spring2020/handouts/testprograms/public/rand_final/t_108_idcache.asm SUCCESS CPI:9.6 CYCLES:469 ICOUNT:49 IHITRATE: 62.0 DHITRATE: 11.1
/u/s/i/sinclair/courses/cs552/spring2020/handouts/testprograms/public/rand_final/t_108_mem.asm SUCCESS CPI:6.1 CYCLES:4223 ICOUNT:689 IHITRATE: 78.9 DHITRATE: 89.2
/u/s/i/sinclair/courses/cs552/spring2020/handouts/testprograms/public/rand_final/t_109_all.asm SUCCESS CPI:5.4 CYCLES:1820 ICOUNT:339 IHITRATE: 71.6 DHITRATE: 83.3
/u/s/i/sinclair/courses/cs552/spring2020/handouts/testprograms/public/rand_final/t_109_ctrl.asm SUCCESS CPI:5.2 CYCLES:2888 ICOUNT:555 IHITRATE: 71.6 DHITRATE: 85.4
/u/s/i/sinclair/courses/cs552/spring2020/handouts/testprograms/public/rand_final/t_109_icache.asm SUCCESS CPI:7.8 CYCLES:689 ICOUNT:88 IHITRATE: 64.9 DHITRATE: 0
/u/s/i/sinclair/courses/cs552/spring2020/handouts/testprograms/public/rand_final/t_109_idcache.asm SUCCESS CPI:9.0 CYCLES:858 ICOUNT:95 IHITRATE: 69.6 DHITRATE: 13.0
/u/s/i/sinclair/courses/cs552/spring2020/handouts/testprograms/public/rand_final/t_109_mem.asm SUCCESS CPI:6.2 CYCLES:4154 ICOUNT:667 IHITRATE: 78.4 DHITRATE: 93.9
/u/s/i/sinclair/courses/cs552/spring2020/handouts/testprograms/public/rand_final/t_10_mem.asm SUCCESS CPI:5.9 CYCLES:4036 ICOUNT:684 IHITRATE: 78.2 DHITRATE: 93.7
/u/s/i/sinclair/courses/cs552/spring2020/handouts/testprograms/public/rand_final/t_110_all.asm SUCCESS CPI:5.1 CYCLES:2317 ICOUNT:457 IHITRATE: 71.9 DHITRATE: 84.6
/u/s/i/sinclair/courses/cs552/spring2020/handouts/testprograms/public/rand_final/t_110_ctrl.asm SUCCESS CPI:5.4 CYCLES:2648 ICOUNT:494 IHITRATE: 70.8 DHITRATE: 71.1
/u/s/i/sinclair/courses/cs552/spring2020/handouts/testprograms/public/rand_final/t_110_icache.asm SUCCESS CPI:8.1 CYCLES:562 ICOUNT:69 IHITRATE: 62.5 DHITRATE: 0
/u/s/i/sinclair/courses/cs552/spring2020/handouts/testprograms/public/rand_final/t_110_idcache.asm SUCCESS CPI:6.4 CYCLES:938 ICOUNT:147 IHITRATE: 71.1 DHITRATE: 17.6
/u/s/i/sinclair/courses/cs552/spring2020/handouts/testprograms/public/rand_final/t_110_mem.asm SUCCESS CPI:5.9 CYCLES:4050 ICOUNT:687 IHITRATE: 78.0 DHITRATE: 94.8
/u/s/i/sinclair/courses/cs552/spring2020/handouts/testprograms/public/rand_final/t_111_all.asm SUCCESS CPI:5.5 CYCLES:2191 ICOUNT:396 IHITRATE: 71.5 DHITRATE: 73.7
/u/s/i/sinclair/courses/cs552/spring2020/handouts/testprograms/public/rand_final/t_111_ctrl.asm SUCCESS CPI:4.9 CYCLES:2828 ICOUNT:576 IHITRATE: 72.7 DHITRATE: 73.5
/u/s/i/sinclair/courses/cs552/spring2020/handouts/testprograms/public/rand_final/t_111_icache.asm SUCCESS CPI:28.2 CYCLES:423 ICOUNT:15 IHITRATE: 49.3 DHITRATE: 0
/u/s/i/sinclair/courses/cs552/spring2020/handouts/testprograms/public/rand_final/t_111_idcache.asm SUCCESS CPI:7.2 CYCLES:693 ICOUNT:96 IHITRATE: 70.4 DHITRATE: 13.3
/u/s/i/sinclair/courses/cs552/spring2020/handouts/testprograms/public/rand_final/t_111_mem.asm SUCCESS CPI:6.1 CYCLES:4145 ICOUNT:685 IHITRATE: 78.5 DHITRATE: 91.7
/u/s/i/sinclair/courses/cs552/spring2020/handouts/testprograms/public/rand_final/t_112_all.asm SUCCESS CPI:5.4 CYCLES:2011 ICOUNT:374 IHITRATE: 71.9 DHITRATE: 62.1
/u/s/i/sinclair/courses/cs552/spring2020/handouts/testprograms/public/rand_final/t_112_ctrl.asm SUCCESS CPI:5.1 CYCLES:2805 ICOUNT:550 IHITRATE: 72.0 DHITRATE: 61.0
/u/s/i/sinclair/courses/cs552/spring2020/handouts/testprograms/public/rand_final/t_112_icache.asm SUCCESS CPI:6.9 CYCLES:415 ICOUNT:60 IHITRATE: 66.0 DHITRATE: 0
/u/s/i/sinclair/courses/cs552/spring2020/handouts/testprograms/public/rand_final/t_112_idcache.asm SUCCESS CPI:8.9 CYCLES:603 ICOUNT:68 IHITRATE: 69.7 DHITRATE: 30.0
/u/s/i/sinclair/courses/cs552/spring2020/handouts/testprograms/public/rand_final/t_112_mem.asm SUCCESS CPI:6.2 CYCLES:4181 ICOUNT:673 IHITRATE: 78.5 DHITRATE: 95.5
/u/s/i/sinclair/courses/cs552/spring2020/handouts/testprograms/public/rand_final/t_113_all.asm SUCCESS CPI:5.2 CYCLES:1816 ICOUNT:347 IHITRATE: 71.6 DHITRATE: 77.1
/u/s/i/sinclair/courses/cs552/spring2020/handouts/testprograms/public/rand_final/t_113_ctrl.asm SUCCESS CPI:5.4 CYCLES:2727 ICOUNT:503 IHITRATE: 71.6 DHITRATE: 73.5
/u/s/i/sinclair/courses/cs552/spring2020/handouts/testprograms/public/rand_final/t_113_icache.asm SUCCESS CPI:12.6 CYCLES:679 ICOUNT:54 IHITRATE: 57.0 DHITRATE: 0
/u/s/i/sinclair/courses/cs552/spring2020/handouts/testprograms/public/rand_final/t_113_idcache.asm SUCCESS CPI:6.5 CYCLES:898 ICOUNT:139 IHITRATE: 66.5 DHITRATE: 26.7
/u/s/i/sinclair/courses/cs552/spring2020/handouts/testprograms/public/rand_final/t_113_mem.asm SUCCESS CPI:6.0 CYCLES:4112 ICOUNT:691 IHITRATE: 78.3 DHITRATE: 93.8
/u/s/i/sinclair/courses/cs552/spring2020/handouts/testprograms/public/rand_final/t_114_all.asm SUCCESS CPI:4.6 CYCLES:2801 ICOUNT:605 IHITRATE: 73.0 DHITRATE: 72.5
/u/s/i/sinclair/courses/cs552/spring2020/handouts/testprograms/public/rand_final/t_114_ctrl.asm SUCCESS CPI:4.8 CYCLES:3128 ICOUNT:646 IHITRATE: 72.9 DHITRATE: 85.7
/u/s/i/sinclair/courses/cs552/spring2020/handouts/testprograms/public/rand_final/t_114_icache.asm SUCCESS CPI:12.7 CYCLES:494 ICOUNT:39 IHITRATE: 59.0 DHITRATE: 0
/u/s/i/sinclair/courses/cs552/spring2020/handouts/testprograms/public/rand_final/t_114_idcache.asm SUCCESS CPI:6.9 CYCLES:724 ICOUNT:105 IHITRATE: 69.5 DHITRATE: 18.2
/u/s/i/sinclair/courses/cs552/spring2020/handouts/testprograms/public/rand_final/t_114_mem.asm SUCCESS CPI:5.9 CYCLES:4123 ICOUNT:695 IHITRATE: 78.3 DHITRATE: 92.9
/u/s/i/sinclair/courses/cs552/spring2020/handouts/testprograms/public/rand_final/t_115_all.asm SUCCESS CPI:5.1 CYCLES:2316 ICOUNT:455 IHITRATE: 72.1 DHITRATE: 77.8
/u/s/i/sinclair/courses/cs552/spring2020/handouts/testprograms/public/rand_final/t_115_ctrl.asm SUCCESS CPI:5.3 CYCLES:2733 ICOUNT:516 IHITRATE: 71.6 DHITRATE: 75.6
/u/s/i/sinclair/courses/cs552/spring2020/handouts/testprograms/public/rand_final/t_115_icache.asm SUCCESS CPI:13.3 CYCLES:399 ICOUNT:30 IHITRATE: 56.4 DHITRATE: 0
/u/s/i/sinclair/courses/cs552/spring2020/handouts/testprograms/public/rand_final/t_115_idcache.asm SUCCESS CPI:8.7 CYCLES:598 ICOUNT:69 IHITRATE: 64.7 DHITRATE: 25.0
/u/s/i/sinclair/courses/cs552/spring2020/handouts/testprograms/public/rand_final/t_115_mem.asm SUCCESS CPI:6.1 CYCLES:4040 ICOUNT:661 IHITRATE: 77.9 DHITRATE: 95.9
/u/s/i/sinclair/courses/cs552/spring2020/handouts/testprograms/public/rand_final/t_116_all.asm SUCCESS CPI:4.7 CYCLES:2777 ICOUNT:587 IHITRATE: 73.1 DHITRATE: 75.0
/u/s/i/sinclair/courses/cs552/spring2020/handouts/testprograms/public/rand_final/t_116_ctrl.asm SUCCESS CPI:4.7 CYCLES:2965 ICOUNT:636 IHITRATE: 73.3 DHITRATE: 75.8
/u/s/i/sinclair/courses/cs552/spring2020/handouts/testprograms/public/rand_final/t_116_icache.asm SUCCESS CPI:41.2 CYCLES:371 ICOUNT:9 IHITRATE: 46.9 DHITRATE: 0
/u/s/i/sinclair/courses/cs552/spring2020/handouts/testprograms/public/rand_final/t_116_idcache.asm SUCCESS CPI:7.0 CYCLES:909 ICOUNT:130 IHITRATE: 68.1 DHITRATE: 43.8
/u/s/i/sinclair/courses/cs552/spring2020/handouts/testprograms/public/rand_final/t_116_mem.asm SUCCESS CPI:6.1 CYCLES:4099 ICOUNT:672 IHITRATE: 79.0 DHITRATE: 89.2
/u/s/i/sinclair/courses/cs552/spring2020/handouts/testprograms/public/rand_final/t_117_all.asm SUCCESS CPI:5.0 CYCLES:2390 ICOUNT:475 IHITRATE: 73.2 DHITRATE: 63.8
/u/s/i/sinclair/courses/cs552/spring2020/handouts/testprograms/public/rand_final/t_117_ctrl.asm SUCCESS CPI:5.2 CYCLES:2839 ICOUNT:551 IHITRATE: 72.7 DHITRATE: 69.6
/u/s/i/sinclair/courses/cs552/spring2020/handouts/testprograms/public/rand_final/t_117_icache.asm SUCCESS CPI:17.3 CYCLES:398 ICOUNT:23 IHITRATE: 58.8 DHITRATE: 0
/u/s/i/sinclair/courses/cs552/spring2020/handouts/testprograms/public/rand_final/t_117_idcache.asm SUCCESS CPI:9.9 CYCLES:933 ICOUNT:94 IHITRATE: 64.1 DHITRATE: 29.6
/u/s/i/sinclair/courses/cs552/spring2020/handouts/testprograms/public/rand_final/t_117_mem.asm SUCCESS CPI:6.0 CYCLES:4158 ICOUNT:689 IHITRATE: 78.4 DHITRATE: 91.2
/u/s/i/sinclair/courses/cs552/spring2020/handouts/testprograms/public/rand_final/t_118_all.asm SUCCESS CPI:5.0 CYCLES:2634 ICOUNT:531 IHITRATE: 72.3 DHITRATE: 70.2
/u/s/i/sinclair/courses/cs552/spring2020/handouts/testprograms/public/rand_final/t_118_ctrl.asm SUCCESS CPI:5.2 CYCLES:2748 ICOUNT:524 IHITRATE: 72.2 DHITRATE: 62.9
/u/s/i/sinclair/courses/cs552/spring2020/handouts/testprograms/public/rand_final/t_118_icache.asm SUCCESS CPI:22.6 CYCLES:316 ICOUNT:14 IHITRATE: 56.5 DHITRATE: 0
/u/s/i/sinclair/courses/cs552/spring2020/handouts/testprograms/public/rand_final/t_118_idcache.asm SUCCESS CPI:8.9 CYCLES:717 ICOUNT:81 IHITRATE: 67.7 DHITRATE: 20.0
/u/s/i/sinclair/courses/cs552/spring2020/handouts/testprograms/public/rand_final/t_118_mem.asm SUCCESS CPI:6.2 CYCLES:4098 ICOUNT:660 IHITRATE: 78.2 DHITRATE: 94.8
/u/s/i/sinclair/courses/cs552/spring2020/handouts/testprograms/public/rand_final/t_119_all.asm SUCCESS CPI:5.0 CYCLES:2148 ICOUNT:427 IHITRATE: 72.2 DHITRATE: 69.4
/u/s/i/sinclair/courses/cs552/spring2020/handouts/testprograms/public/rand_final/t_119_ctrl.asm SUCCESS CPI:5.0 CYCLES:2878 ICOUNT:575 IHITRATE: 72.0 DHITRATE: 71.1
/u/s/i/sinclair/courses/cs552/spring2020/handouts/testprograms/public/rand_final/t_119_icache.asm SUCCESS CPI:8.3 CYCLES:424 ICOUNT:51 IHITRATE: 59.8 DHITRATE: 0
/u/s/i/sinclair/courses/cs552/spring2020/handouts/testprograms/public/rand_final/t_119_idcache.asm SUCCESS CPI:7.5 CYCLES:589 ICOUNT:79 IHITRATE: 73.7 DHITRATE: 12.5
/u/s/i/sinclair/courses/cs552/spring2020/handouts/testprograms/public/rand_final/t_119_mem.asm SUCCESS CPI:6.2 CYCLES:4198 ICOUNT:681 IHITRATE: 78.8 DHITRATE: 90.9
/u/s/i/sinclair/courses/cs552/spring2020/handouts/testprograms/public/rand_final/t_11_mem.asm SUCCESS CPI:6.1 CYCLES:4167 ICOUNT:681 IHITRATE: 78.4 DHITRATE: 91.5
/u/s/i/sinclair/courses/cs552/spring2020/handouts/testprograms/public/rand_final/t_120_all.asm SUCCESS CPI:5.5 CYCLES:2154 ICOUNT:395 IHITRATE: 70.9 DHITRATE: 80.8
/u/s/i/sinclair/courses/cs552/spring2020/handouts/testprograms/public/rand_final/t_120_ctrl.asm SUCCESS CPI:4.9 CYCLES:2765 ICOUNT:560 IHITRATE: 72.3 DHITRATE: 71.8
/u/s/i/sinclair/courses/cs552/spring2020/handouts/testprograms/public/rand_final/t_120_icache.asm SUCCESS CPI:7.2 CYCLES:665 ICOUNT:92 IHITRATE: 65.1 DHITRATE: 0
/u/s/i/sinclair/courses/cs552/spring2020/handouts/testprograms/public/rand_final/t_120_idcache.asm SUCCESS CPI:7.7 CYCLES:846 ICOUNT:110 IHITRATE: 66.3 DHITRATE: 35.7
/u/s/i/sinclair/courses/cs552/spring2020/handouts/testprograms/public/rand_final/t_120_mem.asm SUCCESS CPI:6.1 CYCLES:4132 ICOUNT:677 IHITRATE: 78.2 DHITRATE: 93.5
/u/s/i/sinclair/courses/cs552/spring2020/handouts/testprograms/public/rand_final/t_121_all.asm SUCCESS CPI:5.5 CYCLES:1798 ICOUNT:327 IHITRATE: 72.0 DHITRATE: 65.2
/u/s/i/sinclair/courses/cs552/spring2020/handouts/testprograms/public/rand_final/t_122_all.asm SUCCESS CPI:5.3 CYCLES:1780 ICOUNT:335 IHITRATE: 72.2 DHITRATE: 69.2
/u/s/i/sinclair/courses/cs552/spring2020/handouts/testprograms/public/rand_final/t_123_all.asm SUCCESS CPI:5.0 CYCLES:2577 ICOUNT:515 IHITRATE: 71.9 DHITRATE: 63.2
/u/s/i/sinclair/courses/cs552/spring2020/handouts/testprograms/public/rand_final/t_124_all.asm SUCCESS CPI:4.9 CYCLES:1819 ICOUNT:371 IHITRATE: 73.0 DHITRATE: 65.4
/u/s/i/sinclair/courses/cs552/spring2020/handouts/testprograms/public/rand_final/t_125_all.asm SUCCESS CPI:5.1 CYCLES:2642 ICOUNT:514 IHITRATE: 73.0 DHITRATE: 55.2
/u/s/i/sinclair/courses/cs552/spring2020/handouts/testprograms/public/rand_final/t_126_all.asm SUCCESS CPI:4.8 CYCLES:3001 ICOUNT:622 IHITRATE: 73.0 DHITRATE: 55.8
/u/s/i/sinclair/courses/cs552/spring2020/handouts/testprograms/public/rand_final/t_127_all.asm SUCCESS CPI:5.0 CYCLES:2353 ICOUNT:473 IHITRATE: 72.0 DHITRATE: 72.7
/u/s/i/sinclair/courses/cs552/spring2020/handouts/testprograms/public/rand_final/t_128_all.asm SUCCESS CPI:5.4 CYCLES:2362 ICOUNT:440 IHITRATE: 71.3 DHITRATE: 64.5
/u/s/i/sinclair/courses/cs552/spring2020/handouts/testprograms/public/rand_final/t_129_all.asm SUCCESS CPI:5.1 CYCLES:2276 ICOUNT:450 IHITRATE: 72.5 DHITRATE: 70.8
/u/s/i/sinclair/courses/cs552/spring2020/handouts/testprograms/public/rand_final/t_12_mem.asm SUCCESS CPI:6.3 CYCLES:4134 ICOUNT:655 IHITRATE: 78.5 DHITRATE: 94.9
/u/s/i/sinclair/courses/cs552/spring2020/handouts/testprograms/public/rand_final/t_130_all.asm SUCCESS CPI:4.7 CYCLES:3031 ICOUNT:641 IHITRATE: 74.0 DHITRATE: 70.9
/u/s/i/sinclair/courses/cs552/spring2020/handouts/testprograms/public/rand_final/t_131_all.asm SUCCESS CPI:4.8 CYCLES:2742 ICOUNT:570 IHITRATE: 72.8 DHITRATE: 83.3
/u/s/i/sinclair/courses/cs552/spring2020/handouts/testprograms/public/rand_final/t_132_all.asm SUCCESS CPI:4.9 CYCLES:2395 ICOUNT:489 IHITRATE: 73.0 DHITRATE: 63.9
/u/s/i/sinclair/courses/cs552/spring2020/handouts/testprograms/public/rand_final/t_133_all.asm SUCCESS CPI:4.9 CYCLES:2246 ICOUNT:462 IHITRATE: 73.2 DHITRATE: 64.1
/u/s/i/sinclair/courses/cs552/spring2020/handouts/testprograms/public/rand_final/t_134_all.asm SUCCESS CPI:4.8 CYCLES:2379 ICOUNT:495 IHITRATE: 73.9 DHITRATE: 68.2
/u/s/i/sinclair/courses/cs552/spring2020/handouts/testprograms/public/rand_final/t_135_all.asm SUCCESS CPI:4.8 CYCLES:2994 ICOUNT:623 IHITRATE: 73.6 DHITRATE: 65.4
/u/s/i/sinclair/courses/cs552/spring2020/handouts/testprograms/public/rand_final/t_136_all.asm SUCCESS CPI:5.1 CYCLES:2220 ICOUNT:433 IHITRATE: 72.6 DHITRATE: 69.2
/u/s/i/sinclair/courses/cs552/spring2020/handouts/testprograms/public/rand_final/t_137_all.asm SUCCESS CPI:4.8 CYCLES:2669 ICOUNT:555 IHITRATE: 73.3 DHITRATE: 65.8
/u/s/i/sinclair/courses/cs552/spring2020/handouts/testprograms/public/rand_final/t_138_all.asm SUCCESS CPI:4.8 CYCLES:3075 ICOUNT:637 IHITRATE: 73.3 DHITRATE: 73.7
/u/s/i/sinclair/courses/cs552/spring2020/handouts/testprograms/public/rand_final/t_139_all.asm SUCCESS CPI:5.4 CYCLES:2038 ICOUNT:379 IHITRATE: 71.6 DHITRATE: 52.2
/u/s/i/sinclair/courses/cs552/spring2020/handouts/testprograms/public/rand_final/t_13_mem.asm SUCCESS CPI:6.0 CYCLES:4119 ICOUNT:683 IHITRATE: 78.2 DHITRATE: 94.9
/u/s/i/sinclair/courses/cs552/spring2020/handouts/testprograms/public/rand_final/t_140_all.asm SUCCESS CPI:4.9 CYCLES:2068 ICOUNT:418 IHITRATE: 71.6 DHITRATE: 64.5
/u/s/i/sinclair/courses/cs552/spring2020/handouts/testprograms/public/rand_final/t_141_all.asm SUCCESS CPI:4.7 CYCLES:2389 ICOUNT:511 IHITRATE: 73.5 DHITRATE: 84.4
/u/s/i/sinclair/courses/cs552/spring2020/handouts/testprograms/public/rand_final/t_142_all.asm SUCCESS CPI:5.0 CYCLES:2033 ICOUNT:403 IHITRATE: 73.2 DHITRATE: 73.3
/u/s/i/sinclair/courses/cs552/spring2020/handouts/testprograms/public/rand_final/t_143_all.asm SUCCESS CPI:4.7 CYCLES:2476 ICOUNT:526 IHITRATE: 73.7 DHITRATE: 70.6
/u/s/i/sinclair/courses/cs552/spring2020/handouts/testprograms/public/rand_final/t_144_all.asm SUCCESS CPI:5.3 CYCLES:2361 ICOUNT:442 IHITRATE: 70.1 DHITRATE: 60.0
/u/s/i/sinclair/courses/cs552/spring2020/handouts/testprograms/public/rand_final/t_145_all.asm SUCCESS CPI:4.9 CYCLES:2250 ICOUNT:456 IHITRATE: 72.6 DHITRATE: 63.9
/u/s/i/sinclair/courses/cs552/spring2020/handouts/testprograms/public/rand_final/t_146_all.asm SUCCESS CPI:4.9 CYCLES:3066 ICOUNT:629 IHITRATE: 73.8 DHITRATE: 73.7
/u/s/i/sinclair/courses/cs552/spring2020/handouts/testprograms/public/rand_final/t_147_all.asm SUCCESS CPI:5.0 CYCLES:2278 ICOUNT:458 IHITRATE: 72.6 DHITRATE: 73.3
/u/s/i/sinclair/courses/cs552/spring2020/handouts/testprograms/public/rand_final/t_148_all.asm SUCCESS CPI:5.0 CYCLES:2346 ICOUNT:471 IHITRATE: 73.5 DHITRATE: 70.7
/u/s/i/sinclair/courses/cs552/spring2020/handouts/testprograms/public/rand_final/t_149_all.asm SUCCESS CPI:4.8 CYCLES:2241 ICOUNT:465 IHITRATE: 73.4 DHITRATE: 67.9
/u/s/i/sinclair/courses/cs552/spring2020/handouts/testprograms/public/rand_final/t_14_mem.asm SUCCESS CPI:6.4 CYCLES:4191 ICOUNT:656 IHITRATE: 78.9 DHITRATE: 92.8
/u/s/i/sinclair/courses/cs552/spring2020/handouts/testprograms/public/rand_final/t_150_all.asm SUCCESS CPI:5.0 CYCLES:2594 ICOUNT:524 IHITRATE: 72.1 DHITRATE: 75.0
/u/s/i/sinclair/courses/cs552/spring2020/handouts/testprograms/public/rand_final/t_15_mem.asm SUCCESS CPI:6.1 CYCLES:4129 ICOUNT:681 IHITRATE: 78.3 DHITRATE: 94.4
/u/s/i/sinclair/courses/cs552/spring2020/handouts/testprograms/public/rand_final/t_16_mem.asm SUCCESS CPI:6.1 CYCLES:4067 ICOUNT:664 IHITRATE: 78.4 DHITRATE: 94.9
/u/s/i/sinclair/courses/cs552/spring2020/handouts/testprograms/public/rand_final/t_17_mem.asm SUCCESS CPI:6.0 CYCLES:4177 ICOUNT:701 IHITRATE: 78.5 DHITRATE: 94.0
/u/s/i/sinclair/courses/cs552/spring2020/handouts/testprograms/public/rand_final/t_18_mem.asm SUCCESS CPI:6.1 CYCLES:4145 ICOUNT:682 IHITRATE: 78.5 DHITRATE: 92.6
/u/s/i/sinclair/courses/cs552/spring2020/handouts/testprograms/public/rand_final/t_19_mem.asm SUCCESS CPI:6.0 CYCLES:4074 ICOUNT:679 IHITRATE: 78.0 DHITRATE: 93.1
